{"date":"Thu May 08 2025 20:08:41 GMT+0300 (Москва, стандартное время)","error":{"diagnosticCodes":[2353]},"exception":true,"level":"error","message":"uncaughtException: ⨯ Unable to compile TypeScript:\n\u001b[96msrc/controllers/exam.controller.ts\u001b[0m:\u001b[93m41\u001b[0m:\u001b[93m9\u001b[0m - \u001b[91merror\u001b[0m\u001b[90m TS2353: \u001b[0mObject literal may only specify known properties, and 'timeSpent' does not exist in type 'AnswerSubmission'.\r\n\r\n\u001b[7m41\u001b[0m         timeSpent\r\n\u001b[7m  \u001b[0m \u001b[91m        ~~~~~~~~~\u001b[0m\r\n\nTSError: ⨯ Unable to compile TypeScript:\n\u001b[96msrc/controllers/exam.controller.ts\u001b[0m:\u001b[93m41\u001b[0m:\u001b[93m9\u001b[0m - \u001b[91merror\u001b[0m\u001b[90m TS2353: \u001b[0mObject literal may only specify known properties, and 'timeSpent' does not exist in type 'AnswerSubmission'.\r\n\r\n\u001b[7m41\u001b[0m         timeSpent\r\n\u001b[7m  \u001b[0m \u001b[91m        ~~~~~~~~~\u001b[0m\r\n\n    at createTSError (C:\\Users\\shlim\\OneDrive\\Desktop\\kyrsach\\backend\\node_modules\\ts-node\\src\\index.ts:859:12)\n    at reportTSError (C:\\Users\\shlim\\OneDrive\\Desktop\\kyrsach\\backend\\node_modules\\ts-node\\src\\index.ts:863:19)\n    at getOutput (C:\\Users\\shlim\\OneDrive\\Desktop\\kyrsach\\backend\\node_modules\\ts-node\\src\\index.ts:1077:36)\n    at Object.compile (C:\\Users\\shlim\\OneDrive\\Desktop\\kyrsach\\backend\\node_modules\\ts-node\\src\\index.ts:1433:41)\n    at Module.m._compile (C:\\Users\\shlim\\OneDrive\\Desktop\\kyrsach\\backend\\node_modules\\ts-node\\src\\index.ts:1617:30)\n    at node:internal/modules/cjs/loader:1708:10\n    at Object.require.extensions.<computed> [as .ts] (C:\\Users\\shlim\\OneDrive\\Desktop\\kyrsach\\backend\\node_modules\\ts-node\\src\\index.ts:1621:12)\n    at Module.load (node:internal/modules/cjs/loader:1318:32)\n    at Function._load (node:internal/modules/cjs/loader:1128:12)\n    at TracingChannel.traceSync (node:diagnostics_channel:322:14)","os":{"loadavg":[0,0,0],"uptime":16681.296},"process":{"argv":["C:\\Users\\shlim\\OneDrive\\Desktop\\kyrsach\\backend\\node_modules\\ts-node\\dist\\bin.js","C:\\Users\\shlim\\OneDrive\\Desktop\\kyrsach\\backend\\src\\app.ts"],"cwd":"C:\\Users\\shlim\\OneDrive\\Desktop\\kyrsach\\backend","execPath":"C:\\Program Files\\nodejs\\node.exe","gid":null,"memoryUsage":{"arrayBuffers":4875711,"external":7983175,"heapTotal":232181760,"heapUsed":197655688,"rss":279654400},"pid":1260,"uid":null,"version":"v22.12.0"},"stack":"TSError: ⨯ Unable to compile TypeScript:\n\u001b[96msrc/controllers/exam.controller.ts\u001b[0m:\u001b[93m41\u001b[0m:\u001b[93m9\u001b[0m - \u001b[91merror\u001b[0m\u001b[90m TS2353: \u001b[0mObject literal may only specify known properties, and 'timeSpent' does not exist in type 'AnswerSubmission'.\r\n\r\n\u001b[7m41\u001b[0m         timeSpent\r\n\u001b[7m  \u001b[0m \u001b[91m        ~~~~~~~~~\u001b[0m\r\n\n    at createTSError (C:\\Users\\shlim\\OneDrive\\Desktop\\kyrsach\\backend\\node_modules\\ts-node\\src\\index.ts:859:12)\n    at reportTSError (C:\\Users\\shlim\\OneDrive\\Desktop\\kyrsach\\backend\\node_modules\\ts-node\\src\\index.ts:863:19)\n    at getOutput (C:\\Users\\shlim\\OneDrive\\Desktop\\kyrsach\\backend\\node_modules\\ts-node\\src\\index.ts:1077:36)\n    at Object.compile (C:\\Users\\shlim\\OneDrive\\Desktop\\kyrsach\\backend\\node_modules\\ts-node\\src\\index.ts:1433:41)\n    at Module.m._compile (C:\\Users\\shlim\\OneDrive\\Desktop\\kyrsach\\backend\\node_modules\\ts-node\\src\\index.ts:1617:30)\n    at node:internal/modules/cjs/loader:1708:10\n    at Object.require.extensions.<computed> [as .ts] (C:\\Users\\shlim\\OneDrive\\Desktop\\kyrsach\\backend\\node_modules\\ts-node\\src\\index.ts:1621:12)\n    at Module.load (node:internal/modules/cjs/loader:1318:32)\n    at Function._load (node:internal/modules/cjs/loader:1128:12)\n    at TracingChannel.traceSync (node:diagnostics_channel:322:14)","timestamp":"2025-05-08 20:08:41","trace":[{"column":12,"file":"C:\\Users\\shlim\\OneDrive\\Desktop\\kyrsach\\backend\\node_modules\\ts-node\\src\\index.ts","function":"createTSError","line":859,"method":null,"native":false},{"column":19,"file":"C:\\Users\\shlim\\OneDrive\\Desktop\\kyrsach\\backend\\node_modules\\ts-node\\src\\index.ts","function":"reportTSError","line":863,"method":null,"native":false},{"column":36,"file":"C:\\Users\\shlim\\OneDrive\\Desktop\\kyrsach\\backend\\node_modules\\ts-node\\src\\index.ts","function":"getOutput","line":1077,"method":null,"native":false},{"column":41,"file":"C:\\Users\\shlim\\OneDrive\\Desktop\\kyrsach\\backend\\node_modules\\ts-node\\src\\index.ts","function":"Object.compile","line":1433,"method":"compile","native":false},{"column":30,"file":"C:\\Users\\shlim\\OneDrive\\Desktop\\kyrsach\\backend\\node_modules\\ts-node\\src\\index.ts","function":"Module.m._compile","line":1617,"method":"_compile","native":false},{"column":10,"file":"node:internal/modules/cjs/loader","function":null,"line":1708,"method":null,"native":false},{"column":12,"file":"C:\\Users\\shlim\\OneDrive\\Desktop\\kyrsach\\backend\\node_modules\\ts-node\\src\\index.ts","function":"Object.require.extensions.<computed> [as .ts]","line":1621,"method":"ts]","native":false},{"column":32,"file":"node:internal/modules/cjs/loader","function":"Module.load","line":1318,"method":"load","native":false},{"column":12,"file":"node:internal/modules/cjs/loader","function":"Function._load","line":1128,"method":"_load","native":false},{"column":14,"file":"node:diagnostics_channel","function":"TracingChannel.traceSync","line":322,"method":"traceSync","native":false}]}
{"date":"Thu May 08 2025 20:09:12 GMT+0300 (Москва, стандартное время)","error":{"diagnosticCodes":[2353]},"exception":true,"level":"error","message":"uncaughtException: ⨯ Unable to compile TypeScript:\n\u001b[96msrc/controllers/exam.controller.ts\u001b[0m:\u001b[93m41\u001b[0m:\u001b[93m9\u001b[0m - \u001b[91merror\u001b[0m\u001b[90m TS2353: \u001b[0mObject literal may only specify known properties, and 'timeSpent' does not exist in type 'AnswerSubmission'.\r\n\r\n\u001b[7m41\u001b[0m         timeSpent\r\n\u001b[7m  \u001b[0m \u001b[91m        ~~~~~~~~~\u001b[0m\r\n\nTSError: ⨯ Unable to compile TypeScript:\n\u001b[96msrc/controllers/exam.controller.ts\u001b[0m:\u001b[93m41\u001b[0m:\u001b[93m9\u001b[0m - \u001b[91merror\u001b[0m\u001b[90m TS2353: \u001b[0mObject literal may only specify known properties, and 'timeSpent' does not exist in type 'AnswerSubmission'.\r\n\r\n\u001b[7m41\u001b[0m         timeSpent\r\n\u001b[7m  \u001b[0m \u001b[91m        ~~~~~~~~~\u001b[0m\r\n\n    at createTSError (C:\\Users\\shlim\\OneDrive\\Desktop\\kyrsach\\backend\\node_modules\\ts-node\\src\\index.ts:859:12)\n    at reportTSError (C:\\Users\\shlim\\OneDrive\\Desktop\\kyrsach\\backend\\node_modules\\ts-node\\src\\index.ts:863:19)\n    at getOutput (C:\\Users\\shlim\\OneDrive\\Desktop\\kyrsach\\backend\\node_modules\\ts-node\\src\\index.ts:1077:36)\n    at Object.compile (C:\\Users\\shlim\\OneDrive\\Desktop\\kyrsach\\backend\\node_modules\\ts-node\\src\\index.ts:1433:41)\n    at Module.m._compile (C:\\Users\\shlim\\OneDrive\\Desktop\\kyrsach\\backend\\node_modules\\ts-node\\src\\index.ts:1617:30)\n    at node:internal/modules/cjs/loader:1708:10\n    at Object.require.extensions.<computed> [as .ts] (C:\\Users\\shlim\\OneDrive\\Desktop\\kyrsach\\backend\\node_modules\\ts-node\\src\\index.ts:1621:12)\n    at Module.load (node:internal/modules/cjs/loader:1318:32)\n    at Function._load (node:internal/modules/cjs/loader:1128:12)\n    at TracingChannel.traceSync (node:diagnostics_channel:322:14)","os":{"loadavg":[0,0,0],"uptime":16712.89},"process":{"argv":["C:\\Users\\shlim\\OneDrive\\Desktop\\kyrsach\\backend\\node_modules\\ts-node\\dist\\bin.js","C:\\Users\\shlim\\OneDrive\\Desktop\\kyrsach\\backend\\src\\app.ts"],"cwd":"C:\\Users\\shlim\\OneDrive\\Desktop\\kyrsach\\backend","execPath":"C:\\Program Files\\nodejs\\node.exe","gid":null,"memoryUsage":{"arrayBuffers":4883943,"external":7965572,"heapTotal":231133184,"heapUsed":201519264,"rss":278855680},"pid":13236,"uid":null,"version":"v22.12.0"},"stack":"TSError: ⨯ Unable to compile TypeScript:\n\u001b[96msrc/controllers/exam.controller.ts\u001b[0m:\u001b[93m41\u001b[0m:\u001b[93m9\u001b[0m - \u001b[91merror\u001b[0m\u001b[90m TS2353: \u001b[0mObject literal may only specify known properties, and 'timeSpent' does not exist in type 'AnswerSubmission'.\r\n\r\n\u001b[7m41\u001b[0m         timeSpent\r\n\u001b[7m  \u001b[0m \u001b[91m        ~~~~~~~~~\u001b[0m\r\n\n    at createTSError (C:\\Users\\shlim\\OneDrive\\Desktop\\kyrsach\\backend\\node_modules\\ts-node\\src\\index.ts:859:12)\n    at reportTSError (C:\\Users\\shlim\\OneDrive\\Desktop\\kyrsach\\backend\\node_modules\\ts-node\\src\\index.ts:863:19)\n    at getOutput (C:\\Users\\shlim\\OneDrive\\Desktop\\kyrsach\\backend\\node_modules\\ts-node\\src\\index.ts:1077:36)\n    at Object.compile (C:\\Users\\shlim\\OneDrive\\Desktop\\kyrsach\\backend\\node_modules\\ts-node\\src\\index.ts:1433:41)\n    at Module.m._compile (C:\\Users\\shlim\\OneDrive\\Desktop\\kyrsach\\backend\\node_modules\\ts-node\\src\\index.ts:1617:30)\n    at node:internal/modules/cjs/loader:1708:10\n    at Object.require.extensions.<computed> [as .ts] (C:\\Users\\shlim\\OneDrive\\Desktop\\kyrsach\\backend\\node_modules\\ts-node\\src\\index.ts:1621:12)\n    at Module.load (node:internal/modules/cjs/loader:1318:32)\n    at Function._load (node:internal/modules/cjs/loader:1128:12)\n    at TracingChannel.traceSync (node:diagnostics_channel:322:14)","timestamp":"2025-05-08 20:09:12","trace":[{"column":12,"file":"C:\\Users\\shlim\\OneDrive\\Desktop\\kyrsach\\backend\\node_modules\\ts-node\\src\\index.ts","function":"createTSError","line":859,"method":null,"native":false},{"column":19,"file":"C:\\Users\\shlim\\OneDrive\\Desktop\\kyrsach\\backend\\node_modules\\ts-node\\src\\index.ts","function":"reportTSError","line":863,"method":null,"native":false},{"column":36,"file":"C:\\Users\\shlim\\OneDrive\\Desktop\\kyrsach\\backend\\node_modules\\ts-node\\src\\index.ts","function":"getOutput","line":1077,"method":null,"native":false},{"column":41,"file":"C:\\Users\\shlim\\OneDrive\\Desktop\\kyrsach\\backend\\node_modules\\ts-node\\src\\index.ts","function":"Object.compile","line":1433,"method":"compile","native":false},{"column":30,"file":"C:\\Users\\shlim\\OneDrive\\Desktop\\kyrsach\\backend\\node_modules\\ts-node\\src\\index.ts","function":"Module.m._compile","line":1617,"method":"_compile","native":false},{"column":10,"file":"node:internal/modules/cjs/loader","function":null,"line":1708,"method":null,"native":false},{"column":12,"file":"C:\\Users\\shlim\\OneDrive\\Desktop\\kyrsach\\backend\\node_modules\\ts-node\\src\\index.ts","function":"Object.require.extensions.<computed> [as .ts]","line":1621,"method":"ts]","native":false},{"column":32,"file":"node:internal/modules/cjs/loader","function":"Module.load","line":1318,"method":"load","native":false},{"column":12,"file":"node:internal/modules/cjs/loader","function":"Function._load","line":1128,"method":"_load","native":false},{"column":14,"file":"node:diagnostics_channel","function":"TracingChannel.traceSync","line":322,"method":"traceSync","native":false}]}
{"date":"Thu May 08 2025 20:09:23 GMT+0300 (Москва, стандартное время)","error":{"diagnosticCodes":[2353]},"exception":true,"level":"error","message":"uncaughtException: ⨯ Unable to compile TypeScript:\n\u001b[96msrc/controllers/exam.controller.ts\u001b[0m:\u001b[93m41\u001b[0m:\u001b[93m9\u001b[0m - \u001b[91merror\u001b[0m\u001b[90m TS2353: \u001b[0mObject literal may only specify known properties, and 'timeSpent' does not exist in type 'AnswerSubmission'.\r\n\r\n\u001b[7m41\u001b[0m         timeSpent\r\n\u001b[7m  \u001b[0m \u001b[91m        ~~~~~~~~~\u001b[0m\r\n\nTSError: ⨯ Unable to compile TypeScript:\n\u001b[96msrc/controllers/exam.controller.ts\u001b[0m:\u001b[93m41\u001b[0m:\u001b[93m9\u001b[0m - \u001b[91merror\u001b[0m\u001b[90m TS2353: \u001b[0mObject literal may only specify known properties, and 'timeSpent' does not exist in type 'AnswerSubmission'.\r\n\r\n\u001b[7m41\u001b[0m         timeSpent\r\n\u001b[7m  \u001b[0m \u001b[91m        ~~~~~~~~~\u001b[0m\r\n\n    at createTSError (C:\\Users\\shlim\\OneDrive\\Desktop\\kyrsach\\backend\\node_modules\\ts-node\\src\\index.ts:859:12)\n    at reportTSError (C:\\Users\\shlim\\OneDrive\\Desktop\\kyrsach\\backend\\node_modules\\ts-node\\src\\index.ts:863:19)\n    at getOutput (C:\\Users\\shlim\\OneDrive\\Desktop\\kyrsach\\backend\\node_modules\\ts-node\\src\\index.ts:1077:36)\n    at Object.compile (C:\\Users\\shlim\\OneDrive\\Desktop\\kyrsach\\backend\\node_modules\\ts-node\\src\\index.ts:1433:41)\n    at Module.m._compile (C:\\Users\\shlim\\OneDrive\\Desktop\\kyrsach\\backend\\node_modules\\ts-node\\src\\index.ts:1617:30)\n    at node:internal/modules/cjs/loader:1708:10\n    at Object.require.extensions.<computed> [as .ts] (C:\\Users\\shlim\\OneDrive\\Desktop\\kyrsach\\backend\\node_modules\\ts-node\\src\\index.ts:1621:12)\n    at Module.load (node:internal/modules/cjs/loader:1318:32)\n    at Function._load (node:internal/modules/cjs/loader:1128:12)\n    at TracingChannel.traceSync (node:diagnostics_channel:322:14)","os":{"loadavg":[0,0,0],"uptime":16723.625},"process":{"argv":["C:\\Users\\shlim\\OneDrive\\Desktop\\kyrsach\\backend\\node_modules\\ts-node\\dist\\bin.js","C:\\Users\\shlim\\OneDrive\\Desktop\\kyrsach\\backend\\src\\app.ts"],"cwd":"C:\\Users\\shlim\\OneDrive\\Desktop\\kyrsach\\backend","execPath":"C:\\Program Files\\nodejs\\node.exe","gid":null,"memoryUsage":{"arrayBuffers":4901586,"external":7983215,"heapTotal":229822464,"heapUsed":207953368,"rss":277630976},"pid":14452,"uid":null,"version":"v22.12.0"},"stack":"TSError: ⨯ Unable to compile TypeScript:\n\u001b[96msrc/controllers/exam.controller.ts\u001b[0m:\u001b[93m41\u001b[0m:\u001b[93m9\u001b[0m - \u001b[91merror\u001b[0m\u001b[90m TS2353: \u001b[0mObject literal may only specify known properties, and 'timeSpent' does not exist in type 'AnswerSubmission'.\r\n\r\n\u001b[7m41\u001b[0m         timeSpent\r\n\u001b[7m  \u001b[0m \u001b[91m        ~~~~~~~~~\u001b[0m\r\n\n    at createTSError (C:\\Users\\shlim\\OneDrive\\Desktop\\kyrsach\\backend\\node_modules\\ts-node\\src\\index.ts:859:12)\n    at reportTSError (C:\\Users\\shlim\\OneDrive\\Desktop\\kyrsach\\backend\\node_modules\\ts-node\\src\\index.ts:863:19)\n    at getOutput (C:\\Users\\shlim\\OneDrive\\Desktop\\kyrsach\\backend\\node_modules\\ts-node\\src\\index.ts:1077:36)\n    at Object.compile (C:\\Users\\shlim\\OneDrive\\Desktop\\kyrsach\\backend\\node_modules\\ts-node\\src\\index.ts:1433:41)\n    at Module.m._compile (C:\\Users\\shlim\\OneDrive\\Desktop\\kyrsach\\backend\\node_modules\\ts-node\\src\\index.ts:1617:30)\n    at node:internal/modules/cjs/loader:1708:10\n    at Object.require.extensions.<computed> [as .ts] (C:\\Users\\shlim\\OneDrive\\Desktop\\kyrsach\\backend\\node_modules\\ts-node\\src\\index.ts:1621:12)\n    at Module.load (node:internal/modules/cjs/loader:1318:32)\n    at Function._load (node:internal/modules/cjs/loader:1128:12)\n    at TracingChannel.traceSync (node:diagnostics_channel:322:14)","timestamp":"2025-05-08 20:09:23","trace":[{"column":12,"file":"C:\\Users\\shlim\\OneDrive\\Desktop\\kyrsach\\backend\\node_modules\\ts-node\\src\\index.ts","function":"createTSError","line":859,"method":null,"native":false},{"column":19,"file":"C:\\Users\\shlim\\OneDrive\\Desktop\\kyrsach\\backend\\node_modules\\ts-node\\src\\index.ts","function":"reportTSError","line":863,"method":null,"native":false},{"column":36,"file":"C:\\Users\\shlim\\OneDrive\\Desktop\\kyrsach\\backend\\node_modules\\ts-node\\src\\index.ts","function":"getOutput","line":1077,"method":null,"native":false},{"column":41,"file":"C:\\Users\\shlim\\OneDrive\\Desktop\\kyrsach\\backend\\node_modules\\ts-node\\src\\index.ts","function":"Object.compile","line":1433,"method":"compile","native":false},{"column":30,"file":"C:\\Users\\shlim\\OneDrive\\Desktop\\kyrsach\\backend\\node_modules\\ts-node\\src\\index.ts","function":"Module.m._compile","line":1617,"method":"_compile","native":false},{"column":10,"file":"node:internal/modules/cjs/loader","function":null,"line":1708,"method":null,"native":false},{"column":12,"file":"C:\\Users\\shlim\\OneDrive\\Desktop\\kyrsach\\backend\\node_modules\\ts-node\\src\\index.ts","function":"Object.require.extensions.<computed> [as .ts]","line":1621,"method":"ts]","native":false},{"column":32,"file":"node:internal/modules/cjs/loader","function":"Module.load","line":1318,"method":"load","native":false},{"column":12,"file":"node:internal/modules/cjs/loader","function":"Function._load","line":1128,"method":"_load","native":false},{"column":14,"file":"node:diagnostics_channel","function":"TracingChannel.traceSync","line":322,"method":"traceSync","native":false}]}
{"date":"Thu May 08 2025 22:28:39 GMT+0300 (Москва, стандартное время)","error":{"diagnosticCodes":[2769,2304,2339]},"exception":true,"level":"error","message":"uncaughtException: ⨯ Unable to compile TypeScript:\n\u001b[96msrc/services/exam.service.ts\u001b[0m:\u001b[93m84\u001b[0m:\u001b[93m9\u001b[0m - \u001b[91merror\u001b[0m\u001b[90m TS2769: \u001b[0mNo overload matches this call.\r\n  Overload 1 of 4, '(entities: DeepPartial<TestAttempt>[], options?: SaveOptions | undefined): Promise<(DeepPartial<TestAttempt> & TestAttempt)[]>', gave the following error.\r\n    Object literal may only specify known properties, and 'user' does not exist in type 'DeepPartial<TestAttempt>[]'.\r\n  Overload 2 of 4, '(entity: DeepPartial<TestAttempt>, options?: SaveOptions | undefined): Promise<DeepPartial<TestAttempt> & TestAttempt>', gave the following error.\r\n    Type 'ObjectLiteral | null' is not assignable to type 'DeepPartial<User> | undefined'.\r\n      Type 'null' is not assignable to type 'DeepPartial<User> | undefined'.\r\n\r\n\u001b[7m84\u001b[0m         user: await AppDataSource.getRepository(User).findOneBy({ id: userId }), // Получаем полный объект пользователя\r\n\u001b[7m  \u001b[0m \u001b[91m        ~~~~\u001b[0m\r\n\r\n  \u001b[96msrc/entities/TestAttempt.ts\u001b[0m:\u001b[93m14\u001b[0m:\u001b[93m3\u001b[0m\r\n    \u001b[7m14\u001b[0m   user!: User;\r\n    \u001b[7m  \u001b[0m \u001b[96m  ~~~~\u001b[0m\r\n    The expected type comes from property 'user' which is declared here on type 'DeepPartial<TestAttempt>'\r\n\u001b[96msrc/services/exam.service.ts\u001b[0m:\u001b[93m84\u001b[0m:\u001b[93m49\u001b[0m - \u001b[91merror\u001b[0m\u001b[90m TS2304: \u001b[0mCannot find name 'User'.\r\n\r\n\u001b[7m84\u001b[0m         user: await AppDataSource.getRepository(User).findOneBy({ id: userId }), // Получаем полный объект пользователя\r\n\u001b[7m  \u001b[0m \u001b[91m                                                ~~~~\u001b[0m\r\n\u001b[96msrc/services/exam.service.ts\u001b[0m:\u001b[93m97\u001b[0m:\u001b[93m28\u001b[0m - \u001b[91merror\u001b[0m\u001b[90m TS2339: \u001b[0mProperty 'id' does not exist on type 'DeepPartial<TestAttempt>[]'.\r\n\r\n\u001b[7m97\u001b[0m         attemptId: attempt.id,\r\n\u001b[7m  \u001b[0m \u001b[91m                           ~~\u001b[0m\r\n\nTSError: ⨯ Unable to compile TypeScript:\n\u001b[96msrc/services/exam.service.ts\u001b[0m:\u001b[93m84\u001b[0m:\u001b[93m9\u001b[0m - \u001b[91merror\u001b[0m\u001b[90m TS2769: \u001b[0mNo overload matches this call.\r\n  Overload 1 of 4, '(entities: DeepPartial<TestAttempt>[], options?: SaveOptions | undefined): Promise<(DeepPartial<TestAttempt> & TestAttempt)[]>', gave the following error.\r\n    Object literal may only specify known properties, and 'user' does not exist in type 'DeepPartial<TestAttempt>[]'.\r\n  Overload 2 of 4, '(entity: DeepPartial<TestAttempt>, options?: SaveOptions | undefined): Promise<DeepPartial<TestAttempt> & TestAttempt>', gave the following error.\r\n    Type 'ObjectLiteral | null' is not assignable to type 'DeepPartial<User> | undefined'.\r\n      Type 'null' is not assignable to type 'DeepPartial<User> | undefined'.\r\n\r\n\u001b[7m84\u001b[0m         user: await AppDataSource.getRepository(User).findOneBy({ id: userId }), // Получаем полный объект пользователя\r\n\u001b[7m  \u001b[0m \u001b[91m        ~~~~\u001b[0m\r\n\r\n  \u001b[96msrc/entities/TestAttempt.ts\u001b[0m:\u001b[93m14\u001b[0m:\u001b[93m3\u001b[0m\r\n    \u001b[7m14\u001b[0m   user!: User;\r\n    \u001b[7m  \u001b[0m \u001b[96m  ~~~~\u001b[0m\r\n    The expected type comes from property 'user' which is declared here on type 'DeepPartial<TestAttempt>'\r\n\u001b[96msrc/services/exam.service.ts\u001b[0m:\u001b[93m84\u001b[0m:\u001b[93m49\u001b[0m - \u001b[91merror\u001b[0m\u001b[90m TS2304: \u001b[0mCannot find name 'User'.\r\n\r\n\u001b[7m84\u001b[0m         user: await AppDataSource.getRepository(User).findOneBy({ id: userId }), // Получаем полный объект пользователя\r\n\u001b[7m  \u001b[0m \u001b[91m                                                ~~~~\u001b[0m\r\n\u001b[96msrc/services/exam.service.ts\u001b[0m:\u001b[93m97\u001b[0m:\u001b[93m28\u001b[0m - \u001b[91merror\u001b[0m\u001b[90m TS2339: \u001b[0mProperty 'id' does not exist on type 'DeepPartial<TestAttempt>[]'.\r\n\r\n\u001b[7m97\u001b[0m         attemptId: attempt.id,\r\n\u001b[7m  \u001b[0m \u001b[91m                           ~~\u001b[0m\r\n\n    at createTSError (C:\\Users\\shlim\\OneDrive\\Desktop\\kyrsach\\backend\\node_modules\\ts-node\\src\\index.ts:859:12)\n    at reportTSError (C:\\Users\\shlim\\OneDrive\\Desktop\\kyrsach\\backend\\node_modules\\ts-node\\src\\index.ts:863:19)\n    at getOutput (C:\\Users\\shlim\\OneDrive\\Desktop\\kyrsach\\backend\\node_modules\\ts-node\\src\\index.ts:1077:36)\n    at Object.compile (C:\\Users\\shlim\\OneDrive\\Desktop\\kyrsach\\backend\\node_modules\\ts-node\\src\\index.ts:1433:41)\n    at Module.m._compile (C:\\Users\\shlim\\OneDrive\\Desktop\\kyrsach\\backend\\node_modules\\ts-node\\src\\index.ts:1617:30)\n    at node:internal/modules/cjs/loader:1708:10\n    at Object.require.extensions.<computed> [as .ts] (C:\\Users\\shlim\\OneDrive\\Desktop\\kyrsach\\backend\\node_modules\\ts-node\\src\\index.ts:1621:12)\n    at Module.load (node:internal/modules/cjs/loader:1318:32)\n    at Function._load (node:internal/modules/cjs/loader:1128:12)\n    at TracingChannel.traceSync (node:diagnostics_channel:322:14)","os":{"loadavg":[0,0,0],"uptime":25079.609},"process":{"argv":["C:\\Users\\shlim\\OneDrive\\Desktop\\kyrsach\\backend\\node_modules\\ts-node\\dist\\bin.js","C:\\Users\\shlim\\OneDrive\\Desktop\\kyrsach\\backend\\src\\app.ts"],"cwd":"C:\\Users\\shlim\\OneDrive\\Desktop\\kyrsach\\backend","execPath":"C:\\Program Files\\nodejs\\node.exe","gid":null,"memoryUsage":{"arrayBuffers":4883799,"external":8000998,"heapTotal":232898560,"heapUsed":210585560,"rss":281415680},"pid":17120,"uid":null,"version":"v22.12.0"},"stack":"TSError: ⨯ Unable to compile TypeScript:\n\u001b[96msrc/services/exam.service.ts\u001b[0m:\u001b[93m84\u001b[0m:\u001b[93m9\u001b[0m - \u001b[91merror\u001b[0m\u001b[90m TS2769: \u001b[0mNo overload matches this call.\r\n  Overload 1 of 4, '(entities: DeepPartial<TestAttempt>[], options?: SaveOptions | undefined): Promise<(DeepPartial<TestAttempt> & TestAttempt)[]>', gave the following error.\r\n    Object literal may only specify known properties, and 'user' does not exist in type 'DeepPartial<TestAttempt>[]'.\r\n  Overload 2 of 4, '(entity: DeepPartial<TestAttempt>, options?: SaveOptions | undefined): Promise<DeepPartial<TestAttempt> & TestAttempt>', gave the following error.\r\n    Type 'ObjectLiteral | null' is not assignable to type 'DeepPartial<User> | undefined'.\r\n      Type 'null' is not assignable to type 'DeepPartial<User> | undefined'.\r\n\r\n\u001b[7m84\u001b[0m         user: await AppDataSource.getRepository(User).findOneBy({ id: userId }), // Получаем полный объект пользователя\r\n\u001b[7m  \u001b[0m \u001b[91m        ~~~~\u001b[0m\r\n\r\n  \u001b[96msrc/entities/TestAttempt.ts\u001b[0m:\u001b[93m14\u001b[0m:\u001b[93m3\u001b[0m\r\n    \u001b[7m14\u001b[0m   user!: User;\r\n    \u001b[7m  \u001b[0m \u001b[96m  ~~~~\u001b[0m\r\n    The expected type comes from property 'user' which is declared here on type 'DeepPartial<TestAttempt>'\r\n\u001b[96msrc/services/exam.service.ts\u001b[0m:\u001b[93m84\u001b[0m:\u001b[93m49\u001b[0m - \u001b[91merror\u001b[0m\u001b[90m TS2304: \u001b[0mCannot find name 'User'.\r\n\r\n\u001b[7m84\u001b[0m         user: await AppDataSource.getRepository(User).findOneBy({ id: userId }), // Получаем полный объект пользователя\r\n\u001b[7m  \u001b[0m \u001b[91m                                                ~~~~\u001b[0m\r\n\u001b[96msrc/services/exam.service.ts\u001b[0m:\u001b[93m97\u001b[0m:\u001b[93m28\u001b[0m - \u001b[91merror\u001b[0m\u001b[90m TS2339: \u001b[0mProperty 'id' does not exist on type 'DeepPartial<TestAttempt>[]'.\r\n\r\n\u001b[7m97\u001b[0m         attemptId: attempt.id,\r\n\u001b[7m  \u001b[0m \u001b[91m                           ~~\u001b[0m\r\n\n    at createTSError (C:\\Users\\shlim\\OneDrive\\Desktop\\kyrsach\\backend\\node_modules\\ts-node\\src\\index.ts:859:12)\n    at reportTSError (C:\\Users\\shlim\\OneDrive\\Desktop\\kyrsach\\backend\\node_modules\\ts-node\\src\\index.ts:863:19)\n    at getOutput (C:\\Users\\shlim\\OneDrive\\Desktop\\kyrsach\\backend\\node_modules\\ts-node\\src\\index.ts:1077:36)\n    at Object.compile (C:\\Users\\shlim\\OneDrive\\Desktop\\kyrsach\\backend\\node_modules\\ts-node\\src\\index.ts:1433:41)\n    at Module.m._compile (C:\\Users\\shlim\\OneDrive\\Desktop\\kyrsach\\backend\\node_modules\\ts-node\\src\\index.ts:1617:30)\n    at node:internal/modules/cjs/loader:1708:10\n    at Object.require.extensions.<computed> [as .ts] (C:\\Users\\shlim\\OneDrive\\Desktop\\kyrsach\\backend\\node_modules\\ts-node\\src\\index.ts:1621:12)\n    at Module.load (node:internal/modules/cjs/loader:1318:32)\n    at Function._load (node:internal/modules/cjs/loader:1128:12)\n    at TracingChannel.traceSync (node:diagnostics_channel:322:14)","timestamp":"2025-05-08 22:28:39","trace":[{"column":12,"file":"C:\\Users\\shlim\\OneDrive\\Desktop\\kyrsach\\backend\\node_modules\\ts-node\\src\\index.ts","function":"createTSError","line":859,"method":null,"native":false},{"column":19,"file":"C:\\Users\\shlim\\OneDrive\\Desktop\\kyrsach\\backend\\node_modules\\ts-node\\src\\index.ts","function":"reportTSError","line":863,"method":null,"native":false},{"column":36,"file":"C:\\Users\\shlim\\OneDrive\\Desktop\\kyrsach\\backend\\node_modules\\ts-node\\src\\index.ts","function":"getOutput","line":1077,"method":null,"native":false},{"column":41,"file":"C:\\Users\\shlim\\OneDrive\\Desktop\\kyrsach\\backend\\node_modules\\ts-node\\src\\index.ts","function":"Object.compile","line":1433,"method":"compile","native":false},{"column":30,"file":"C:\\Users\\shlim\\OneDrive\\Desktop\\kyrsach\\backend\\node_modules\\ts-node\\src\\index.ts","function":"Module.m._compile","line":1617,"method":"_compile","native":false},{"column":10,"file":"node:internal/modules/cjs/loader","function":null,"line":1708,"method":null,"native":false},{"column":12,"file":"C:\\Users\\shlim\\OneDrive\\Desktop\\kyrsach\\backend\\node_modules\\ts-node\\src\\index.ts","function":"Object.require.extensions.<computed> [as .ts]","line":1621,"method":"ts]","native":false},{"column":32,"file":"node:internal/modules/cjs/loader","function":"Module.load","line":1318,"method":"load","native":false},{"column":12,"file":"node:internal/modules/cjs/loader","function":"Function._load","line":1128,"method":"_load","native":false},{"column":14,"file":"node:diagnostics_channel","function":"TracingChannel.traceSync","line":322,"method":"traceSync","native":false}]}
{"date":"Thu May 08 2025 22:32:26 GMT+0300 (Москва, стандартное время)","error":{"diagnosticCodes":[2769,2304,2339]},"exception":true,"level":"error","message":"uncaughtException: ⨯ Unable to compile TypeScript:\n\u001b[96msrc/services/exam.service.ts\u001b[0m:\u001b[93m84\u001b[0m:\u001b[93m9\u001b[0m - \u001b[91merror\u001b[0m\u001b[90m TS2769: \u001b[0mNo overload matches this call.\r\n  Overload 1 of 4, '(entities: DeepPartial<TestAttempt>[], options?: SaveOptions | undefined): Promise<(DeepPartial<TestAttempt> & TestAttempt)[]>', gave the following error.\r\n    Object literal may only specify known properties, and 'user' does not exist in type 'DeepPartial<TestAttempt>[]'.\r\n  Overload 2 of 4, '(entity: DeepPartial<TestAttempt>, options?: SaveOptions | undefined): Promise<DeepPartial<TestAttempt> & TestAttempt>', gave the following error.\r\n    Type 'ObjectLiteral | null' is not assignable to type 'DeepPartial<User> | undefined'.\r\n      Type 'null' is not assignable to type 'DeepPartial<User> | undefined'.\r\n\r\n\u001b[7m84\u001b[0m         user: await AppDataSource.getRepository(User).findOneBy({ id: userId }), // Получаем полный объект пользователя\r\n\u001b[7m  \u001b[0m \u001b[91m        ~~~~\u001b[0m\r\n\r\n  \u001b[96msrc/entities/TestAttempt.ts\u001b[0m:\u001b[93m14\u001b[0m:\u001b[93m3\u001b[0m\r\n    \u001b[7m14\u001b[0m   user!: User;\r\n    \u001b[7m  \u001b[0m \u001b[96m  ~~~~\u001b[0m\r\n    The expected type comes from property 'user' which is declared here on type 'DeepPartial<TestAttempt>'\r\n\u001b[96msrc/services/exam.service.ts\u001b[0m:\u001b[93m84\u001b[0m:\u001b[93m49\u001b[0m - \u001b[91merror\u001b[0m\u001b[90m TS2304: \u001b[0mCannot find name 'User'.\r\n\r\n\u001b[7m84\u001b[0m         user: await AppDataSource.getRepository(User).findOneBy({ id: userId }), // Получаем полный объект пользователя\r\n\u001b[7m  \u001b[0m \u001b[91m                                                ~~~~\u001b[0m\r\n\u001b[96msrc/services/exam.service.ts\u001b[0m:\u001b[93m97\u001b[0m:\u001b[93m28\u001b[0m - \u001b[91merror\u001b[0m\u001b[90m TS2339: \u001b[0mProperty 'id' does not exist on type 'DeepPartial<TestAttempt>[]'.\r\n\r\n\u001b[7m97\u001b[0m         attemptId: attempt.id,\r\n\u001b[7m  \u001b[0m \u001b[91m                           ~~\u001b[0m\r\n\nTSError: ⨯ Unable to compile TypeScript:\n\u001b[96msrc/services/exam.service.ts\u001b[0m:\u001b[93m84\u001b[0m:\u001b[93m9\u001b[0m - \u001b[91merror\u001b[0m\u001b[90m TS2769: \u001b[0mNo overload matches this call.\r\n  Overload 1 of 4, '(entities: DeepPartial<TestAttempt>[], options?: SaveOptions | undefined): Promise<(DeepPartial<TestAttempt> & TestAttempt)[]>', gave the following error.\r\n    Object literal may only specify known properties, and 'user' does not exist in type 'DeepPartial<TestAttempt>[]'.\r\n  Overload 2 of 4, '(entity: DeepPartial<TestAttempt>, options?: SaveOptions | undefined): Promise<DeepPartial<TestAttempt> & TestAttempt>', gave the following error.\r\n    Type 'ObjectLiteral | null' is not assignable to type 'DeepPartial<User> | undefined'.\r\n      Type 'null' is not assignable to type 'DeepPartial<User> | undefined'.\r\n\r\n\u001b[7m84\u001b[0m         user: await AppDataSource.getRepository(User).findOneBy({ id: userId }), // Получаем полный объект пользователя\r\n\u001b[7m  \u001b[0m \u001b[91m        ~~~~\u001b[0m\r\n\r\n  \u001b[96msrc/entities/TestAttempt.ts\u001b[0m:\u001b[93m14\u001b[0m:\u001b[93m3\u001b[0m\r\n    \u001b[7m14\u001b[0m   user!: User;\r\n    \u001b[7m  \u001b[0m \u001b[96m  ~~~~\u001b[0m\r\n    The expected type comes from property 'user' which is declared here on type 'DeepPartial<TestAttempt>'\r\n\u001b[96msrc/services/exam.service.ts\u001b[0m:\u001b[93m84\u001b[0m:\u001b[93m49\u001b[0m - \u001b[91merror\u001b[0m\u001b[90m TS2304: \u001b[0mCannot find name 'User'.\r\n\r\n\u001b[7m84\u001b[0m         user: await AppDataSource.getRepository(User).findOneBy({ id: userId }), // Получаем полный объект пользователя\r\n\u001b[7m  \u001b[0m \u001b[91m                                                ~~~~\u001b[0m\r\n\u001b[96msrc/services/exam.service.ts\u001b[0m:\u001b[93m97\u001b[0m:\u001b[93m28\u001b[0m - \u001b[91merror\u001b[0m\u001b[90m TS2339: \u001b[0mProperty 'id' does not exist on type 'DeepPartial<TestAttempt>[]'.\r\n\r\n\u001b[7m97\u001b[0m         attemptId: attempt.id,\r\n\u001b[7m  \u001b[0m \u001b[91m                           ~~\u001b[0m\r\n\n    at createTSError (C:\\Users\\shlim\\OneDrive\\Desktop\\kyrsach\\backend\\node_modules\\ts-node\\src\\index.ts:859:12)\n    at reportTSError (C:\\Users\\shlim\\OneDrive\\Desktop\\kyrsach\\backend\\node_modules\\ts-node\\src\\index.ts:863:19)\n    at getOutput (C:\\Users\\shlim\\OneDrive\\Desktop\\kyrsach\\backend\\node_modules\\ts-node\\src\\index.ts:1077:36)\n    at Object.compile (C:\\Users\\shlim\\OneDrive\\Desktop\\kyrsach\\backend\\node_modules\\ts-node\\src\\index.ts:1433:41)\n    at Module.m._compile (C:\\Users\\shlim\\OneDrive\\Desktop\\kyrsach\\backend\\node_modules\\ts-node\\src\\index.ts:1617:30)\n    at node:internal/modules/cjs/loader:1708:10\n    at Object.require.extensions.<computed> [as .ts] (C:\\Users\\shlim\\OneDrive\\Desktop\\kyrsach\\backend\\node_modules\\ts-node\\src\\index.ts:1621:12)\n    at Module.load (node:internal/modules/cjs/loader:1318:32)\n    at Function._load (node:internal/modules/cjs/loader:1128:12)\n    at TracingChannel.traceSync (node:diagnostics_channel:322:14)","os":{"loadavg":[0,0,0],"uptime":25306.468},"process":{"argv":["C:\\Users\\shlim\\OneDrive\\Desktop\\kyrsach\\backend\\node_modules\\ts-node\\dist\\bin.js","C:\\Users\\shlim\\OneDrive\\Desktop\\kyrsach\\backend\\src\\app.ts"],"cwd":"C:\\Users\\shlim\\OneDrive\\Desktop\\kyrsach\\backend","execPath":"C:\\Program Files\\nodejs\\node.exe","gid":null,"memoryUsage":{"arrayBuffers":4875679,"external":7957308,"heapTotal":235327488,"heapUsed":202489344,"rss":284688384},"pid":4084,"uid":null,"version":"v22.12.0"},"stack":"TSError: ⨯ Unable to compile TypeScript:\n\u001b[96msrc/services/exam.service.ts\u001b[0m:\u001b[93m84\u001b[0m:\u001b[93m9\u001b[0m - \u001b[91merror\u001b[0m\u001b[90m TS2769: \u001b[0mNo overload matches this call.\r\n  Overload 1 of 4, '(entities: DeepPartial<TestAttempt>[], options?: SaveOptions | undefined): Promise<(DeepPartial<TestAttempt> & TestAttempt)[]>', gave the following error.\r\n    Object literal may only specify known properties, and 'user' does not exist in type 'DeepPartial<TestAttempt>[]'.\r\n  Overload 2 of 4, '(entity: DeepPartial<TestAttempt>, options?: SaveOptions | undefined): Promise<DeepPartial<TestAttempt> & TestAttempt>', gave the following error.\r\n    Type 'ObjectLiteral | null' is not assignable to type 'DeepPartial<User> | undefined'.\r\n      Type 'null' is not assignable to type 'DeepPartial<User> | undefined'.\r\n\r\n\u001b[7m84\u001b[0m         user: await AppDataSource.getRepository(User).findOneBy({ id: userId }), // Получаем полный объект пользователя\r\n\u001b[7m  \u001b[0m \u001b[91m        ~~~~\u001b[0m\r\n\r\n  \u001b[96msrc/entities/TestAttempt.ts\u001b[0m:\u001b[93m14\u001b[0m:\u001b[93m3\u001b[0m\r\n    \u001b[7m14\u001b[0m   user!: User;\r\n    \u001b[7m  \u001b[0m \u001b[96m  ~~~~\u001b[0m\r\n    The expected type comes from property 'user' which is declared here on type 'DeepPartial<TestAttempt>'\r\n\u001b[96msrc/services/exam.service.ts\u001b[0m:\u001b[93m84\u001b[0m:\u001b[93m49\u001b[0m - \u001b[91merror\u001b[0m\u001b[90m TS2304: \u001b[0mCannot find name 'User'.\r\n\r\n\u001b[7m84\u001b[0m         user: await AppDataSource.getRepository(User).findOneBy({ id: userId }), // Получаем полный объект пользователя\r\n\u001b[7m  \u001b[0m \u001b[91m                                                ~~~~\u001b[0m\r\n\u001b[96msrc/services/exam.service.ts\u001b[0m:\u001b[93m97\u001b[0m:\u001b[93m28\u001b[0m - \u001b[91merror\u001b[0m\u001b[90m TS2339: \u001b[0mProperty 'id' does not exist on type 'DeepPartial<TestAttempt>[]'.\r\n\r\n\u001b[7m97\u001b[0m         attemptId: attempt.id,\r\n\u001b[7m  \u001b[0m \u001b[91m                           ~~\u001b[0m\r\n\n    at createTSError (C:\\Users\\shlim\\OneDrive\\Desktop\\kyrsach\\backend\\node_modules\\ts-node\\src\\index.ts:859:12)\n    at reportTSError (C:\\Users\\shlim\\OneDrive\\Desktop\\kyrsach\\backend\\node_modules\\ts-node\\src\\index.ts:863:19)\n    at getOutput (C:\\Users\\shlim\\OneDrive\\Desktop\\kyrsach\\backend\\node_modules\\ts-node\\src\\index.ts:1077:36)\n    at Object.compile (C:\\Users\\shlim\\OneDrive\\Desktop\\kyrsach\\backend\\node_modules\\ts-node\\src\\index.ts:1433:41)\n    at Module.m._compile (C:\\Users\\shlim\\OneDrive\\Desktop\\kyrsach\\backend\\node_modules\\ts-node\\src\\index.ts:1617:30)\n    at node:internal/modules/cjs/loader:1708:10\n    at Object.require.extensions.<computed> [as .ts] (C:\\Users\\shlim\\OneDrive\\Desktop\\kyrsach\\backend\\node_modules\\ts-node\\src\\index.ts:1621:12)\n    at Module.load (node:internal/modules/cjs/loader:1318:32)\n    at Function._load (node:internal/modules/cjs/loader:1128:12)\n    at TracingChannel.traceSync (node:diagnostics_channel:322:14)","timestamp":"2025-05-08 22:32:26","trace":[{"column":12,"file":"C:\\Users\\shlim\\OneDrive\\Desktop\\kyrsach\\backend\\node_modules\\ts-node\\src\\index.ts","function":"createTSError","line":859,"method":null,"native":false},{"column":19,"file":"C:\\Users\\shlim\\OneDrive\\Desktop\\kyrsach\\backend\\node_modules\\ts-node\\src\\index.ts","function":"reportTSError","line":863,"method":null,"native":false},{"column":36,"file":"C:\\Users\\shlim\\OneDrive\\Desktop\\kyrsach\\backend\\node_modules\\ts-node\\src\\index.ts","function":"getOutput","line":1077,"method":null,"native":false},{"column":41,"file":"C:\\Users\\shlim\\OneDrive\\Desktop\\kyrsach\\backend\\node_modules\\ts-node\\src\\index.ts","function":"Object.compile","line":1433,"method":"compile","native":false},{"column":30,"file":"C:\\Users\\shlim\\OneDrive\\Desktop\\kyrsach\\backend\\node_modules\\ts-node\\src\\index.ts","function":"Module.m._compile","line":1617,"method":"_compile","native":false},{"column":10,"file":"node:internal/modules/cjs/loader","function":null,"line":1708,"method":null,"native":false},{"column":12,"file":"C:\\Users\\shlim\\OneDrive\\Desktop\\kyrsach\\backend\\node_modules\\ts-node\\src\\index.ts","function":"Object.require.extensions.<computed> [as .ts]","line":1621,"method":"ts]","native":false},{"column":32,"file":"node:internal/modules/cjs/loader","function":"Module.load","line":1318,"method":"load","native":false},{"column":12,"file":"node:internal/modules/cjs/loader","function":"Function._load","line":1128,"method":"_load","native":false},{"column":14,"file":"node:diagnostics_channel","function":"TracingChannel.traceSync","line":322,"method":"traceSync","native":false}]}
{"date":"Thu May 08 2025 22:32:58 GMT+0300 (Москва, стандартное время)","error":{"diagnosticCodes":[2769,2304,2339,2339,2339,2353,2353]},"exception":true,"level":"error","message":"uncaughtException: ⨯ Unable to compile TypeScript:\n\u001b[96msrc/services/exam.service.ts\u001b[0m:\u001b[93m84\u001b[0m:\u001b[93m9\u001b[0m - \u001b[91merror\u001b[0m\u001b[90m TS2769: \u001b[0mNo overload matches this call.\r\n  Overload 1 of 4, '(entities: DeepPartial<TestAttempt>[], options?: SaveOptions | undefined): Promise<(DeepPartial<TestAttempt> & TestAttempt)[]>', gave the following error.\r\n    Object literal may only specify known properties, and 'user' does not exist in type 'DeepPartial<TestAttempt>[]'.\r\n  Overload 2 of 4, '(entity: DeepPartial<TestAttempt>, options?: SaveOptions | undefined): Promise<DeepPartial<TestAttempt> & TestAttempt>', gave the following error.\r\n    Type 'ObjectLiteral | null' is not assignable to type 'DeepPartial<User> | undefined'.\r\n      Type 'null' is not assignable to type 'DeepPartial<User> | undefined'.\r\n\r\n\u001b[7m84\u001b[0m         user: await AppDataSource.getRepository(User).findOneBy({ id: userId }), // Получаем полный объект пользователя\r\n\u001b[7m  \u001b[0m \u001b[91m        ~~~~\u001b[0m\r\n\r\n  \u001b[96msrc/entities/TestAttempt.ts\u001b[0m:\u001b[93m14\u001b[0m:\u001b[93m3\u001b[0m\r\n    \u001b[7m14\u001b[0m   user!: User;\r\n    \u001b[7m  \u001b[0m \u001b[96m  ~~~~\u001b[0m\r\n    The expected type comes from property 'user' which is declared here on type 'DeepPartial<TestAttempt>'\r\n\u001b[96msrc/services/exam.service.ts\u001b[0m:\u001b[93m84\u001b[0m:\u001b[93m49\u001b[0m - \u001b[91merror\u001b[0m\u001b[90m TS2304: \u001b[0mCannot find name 'User'.\r\n\r\n\u001b[7m84\u001b[0m         user: await AppDataSource.getRepository(User).findOneBy({ id: userId }), // Получаем полный объект пользователя\r\n\u001b[7m  \u001b[0m \u001b[91m                                                ~~~~\u001b[0m\r\n\u001b[96msrc/services/exam.service.ts\u001b[0m:\u001b[93m97\u001b[0m:\u001b[93m28\u001b[0m - \u001b[91merror\u001b[0m\u001b[90m TS2339: \u001b[0mProperty 'id' does not exist on type 'DeepPartial<TestAttempt>[]'.\r\n\r\n\u001b[7m97\u001b[0m         attemptId: attempt.id,\r\n\u001b[7m  \u001b[0m \u001b[91m                           ~~\u001b[0m\r\n\u001b[96msrc/services/exam.service.ts\u001b[0m:\u001b[93m131\u001b[0m:\u001b[93m33\u001b[0m - \u001b[91merror\u001b[0m\u001b[90m TS2339: \u001b[0mProperty 'currentQuestionStartedAt' does not exist on type 'TestAttempt'.\r\n\r\n\u001b[7m131\u001b[0m       const timeSpent = attempt.currentQuestionStartedAt\r\n\u001b[7m   \u001b[0m \u001b[91m                                ~~~~~~~~~~~~~~~~~~~~~~~~\u001b[0m\r\n\u001b[96msrc/services/exam.service.ts\u001b[0m:\u001b[93m132\u001b[0m:\u001b[93m54\u001b[0m - \u001b[91merror\u001b[0m\u001b[90m TS2339: \u001b[0mProperty 'currentQuestionStartedAt' does not exist on type 'TestAttempt'.\r\n\r\n\u001b[7m132\u001b[0m         ? Math.floor((new Date().getTime() - attempt.currentQuestionStartedAt.getTime()) / 1000)\r\n\u001b[7m   \u001b[0m \u001b[91m                                                     ~~~~~~~~~~~~~~~~~~~~~~~~\u001b[0m\r\n\u001b[96msrc/services/exam.service.ts\u001b[0m:\u001b[93m153\u001b[0m:\u001b[93m9\u001b[0m - \u001b[91merror\u001b[0m\u001b[90m TS2353: \u001b[0mObject literal may only specify known properties, and 'currentQuestionStartedAt' does not exist in type 'Partial<TestAttempt>'.\r\n\r\n\u001b[7m153\u001b[0m         currentQuestionStartedAt: new Date(),\r\n\u001b[7m   \u001b[0m \u001b[91m        ~~~~~~~~~~~~~~~~~~~~~~~~\u001b[0m\r\n\u001b[96msrc/services/exam.service.ts\u001b[0m:\u001b[93m236\u001b[0m:\u001b[93m9\u001b[0m - \u001b[91merror\u001b[0m\u001b[90m TS2353: \u001b[0mObject literal may only specify known properties, and 'currentQuestionStartedAt' does not exist in type '_QueryDeepPartialEntity<TestAttempt>'.\r\n\r\n\u001b[7m236\u001b[0m         currentQuestionStartedAt: new Date(),\r\n\u001b[7m   \u001b[0m \u001b[91m        ~~~~~~~~~~~~~~~~~~~~~~~~\u001b[0m\r\n\nTSError: ⨯ Unable to compile TypeScript:\n\u001b[96msrc/services/exam.service.ts\u001b[0m:\u001b[93m84\u001b[0m:\u001b[93m9\u001b[0m - \u001b[91merror\u001b[0m\u001b[90m TS2769: \u001b[0mNo overload matches this call.\r\n  Overload 1 of 4, '(entities: DeepPartial<TestAttempt>[], options?: SaveOptions | undefined): Promise<(DeepPartial<TestAttempt> & TestAttempt)[]>', gave the following error.\r\n    Object literal may only specify known properties, and 'user' does not exist in type 'DeepPartial<TestAttempt>[]'.\r\n  Overload 2 of 4, '(entity: DeepPartial<TestAttempt>, options?: SaveOptions | undefined): Promise<DeepPartial<TestAttempt> & TestAttempt>', gave the following error.\r\n    Type 'ObjectLiteral | null' is not assignable to type 'DeepPartial<User> | undefined'.\r\n      Type 'null' is not assignable to type 'DeepPartial<User> | undefined'.\r\n\r\n\u001b[7m84\u001b[0m         user: await AppDataSource.getRepository(User).findOneBy({ id: userId }), // Получаем полный объект пользователя\r\n\u001b[7m  \u001b[0m \u001b[91m        ~~~~\u001b[0m\r\n\r\n  \u001b[96msrc/entities/TestAttempt.ts\u001b[0m:\u001b[93m14\u001b[0m:\u001b[93m3\u001b[0m\r\n    \u001b[7m14\u001b[0m   user!: User;\r\n    \u001b[7m  \u001b[0m \u001b[96m  ~~~~\u001b[0m\r\n    The expected type comes from property 'user' which is declared here on type 'DeepPartial<TestAttempt>'\r\n\u001b[96msrc/services/exam.service.ts\u001b[0m:\u001b[93m84\u001b[0m:\u001b[93m49\u001b[0m - \u001b[91merror\u001b[0m\u001b[90m TS2304: \u001b[0mCannot find name 'User'.\r\n\r\n\u001b[7m84\u001b[0m         user: await AppDataSource.getRepository(User).findOneBy({ id: userId }), // Получаем полный объект пользователя\r\n\u001b[7m  \u001b[0m \u001b[91m                                                ~~~~\u001b[0m\r\n\u001b[96msrc/services/exam.service.ts\u001b[0m:\u001b[93m97\u001b[0m:\u001b[93m28\u001b[0m - \u001b[91merror\u001b[0m\u001b[90m TS2339: \u001b[0mProperty 'id' does not exist on type 'DeepPartial<TestAttempt>[]'.\r\n\r\n\u001b[7m97\u001b[0m         attemptId: attempt.id,\r\n\u001b[7m  \u001b[0m \u001b[91m                           ~~\u001b[0m\r\n\u001b[96msrc/services/exam.service.ts\u001b[0m:\u001b[93m131\u001b[0m:\u001b[93m33\u001b[0m - \u001b[91merror\u001b[0m\u001b[90m TS2339: \u001b[0mProperty 'currentQuestionStartedAt' does not exist on type 'TestAttempt'.\r\n\r\n\u001b[7m131\u001b[0m       const timeSpent = attempt.currentQuestionStartedAt\r\n\u001b[7m   \u001b[0m \u001b[91m                                ~~~~~~~~~~~~~~~~~~~~~~~~\u001b[0m\r\n\u001b[96msrc/services/exam.service.ts\u001b[0m:\u001b[93m132\u001b[0m:\u001b[93m54\u001b[0m - \u001b[91merror\u001b[0m\u001b[90m TS2339: \u001b[0mProperty 'currentQuestionStartedAt' does not exist on type 'TestAttempt'.\r\n\r\n\u001b[7m132\u001b[0m         ? Math.floor((new Date().getTime() - attempt.currentQuestionStartedAt.getTime()) / 1000)\r\n\u001b[7m   \u001b[0m \u001b[91m                                                     ~~~~~~~~~~~~~~~~~~~~~~~~\u001b[0m\r\n\u001b[96msrc/services/exam.service.ts\u001b[0m:\u001b[93m153\u001b[0m:\u001b[93m9\u001b[0m - \u001b[91merror\u001b[0m\u001b[90m TS2353: \u001b[0mObject literal may only specify known properties, and 'currentQuestionStartedAt' does not exist in type 'Partial<TestAttempt>'.\r\n\r\n\u001b[7m153\u001b[0m         currentQuestionStartedAt: new Date(),\r\n\u001b[7m   \u001b[0m \u001b[91m        ~~~~~~~~~~~~~~~~~~~~~~~~\u001b[0m\r\n\u001b[96msrc/services/exam.service.ts\u001b[0m:\u001b[93m236\u001b[0m:\u001b[93m9\u001b[0m - \u001b[91merror\u001b[0m\u001b[90m TS2353: \u001b[0mObject literal may only specify known properties, and 'currentQuestionStartedAt' does not exist in type '_QueryDeepPartialEntity<TestAttempt>'.\r\n\r\n\u001b[7m236\u001b[0m         currentQuestionStartedAt: new Date(),\r\n\u001b[7m   \u001b[0m \u001b[91m        ~~~~~~~~~~~~~~~~~~~~~~~~\u001b[0m\r\n\n    at createTSError (C:\\Users\\shlim\\OneDrive\\Desktop\\kyrsach\\backend\\node_modules\\ts-node\\src\\index.ts:859:12)\n    at reportTSError (C:\\Users\\shlim\\OneDrive\\Desktop\\kyrsach\\backend\\node_modules\\ts-node\\src\\index.ts:863:19)\n    at getOutput (C:\\Users\\shlim\\OneDrive\\Desktop\\kyrsach\\backend\\node_modules\\ts-node\\src\\index.ts:1077:36)\n    at Object.compile (C:\\Users\\shlim\\OneDrive\\Desktop\\kyrsach\\backend\\node_modules\\ts-node\\src\\index.ts:1433:41)\n    at Module.m._compile (C:\\Users\\shlim\\OneDrive\\Desktop\\kyrsach\\backend\\node_modules\\ts-node\\src\\index.ts:1617:30)\n    at node:internal/modules/cjs/loader:1708:10\n    at Object.require.extensions.<computed> [as .ts] (C:\\Users\\shlim\\OneDrive\\Desktop\\kyrsach\\backend\\node_modules\\ts-node\\src\\index.ts:1621:12)\n    at Module.load (node:internal/modules/cjs/loader:1318:32)\n    at Function._load (node:internal/modules/cjs/loader:1128:12)\n    at TracingChannel.traceSync (node:diagnostics_channel:322:14)","os":{"loadavg":[0,0,0],"uptime":25338.968},"process":{"argv":["C:\\Users\\shlim\\OneDrive\\Desktop\\kyrsach\\backend\\node_modules\\ts-node\\dist\\bin.js","C:\\Users\\shlim\\OneDrive\\Desktop\\kyrsach\\backend\\src\\app.ts"],"cwd":"C:\\Users\\shlim\\OneDrive\\Desktop\\kyrsach\\backend","execPath":"C:\\Program Files\\nodejs\\node.exe","gid":null,"memoryUsage":{"arrayBuffers":4883951,"external":7965580,"heapTotal":234803200,"heapUsed":202258656,"rss":283992064},"pid":6732,"uid":null,"version":"v22.12.0"},"stack":"TSError: ⨯ Unable to compile TypeScript:\n\u001b[96msrc/services/exam.service.ts\u001b[0m:\u001b[93m84\u001b[0m:\u001b[93m9\u001b[0m - \u001b[91merror\u001b[0m\u001b[90m TS2769: \u001b[0mNo overload matches this call.\r\n  Overload 1 of 4, '(entities: DeepPartial<TestAttempt>[], options?: SaveOptions | undefined): Promise<(DeepPartial<TestAttempt> & TestAttempt)[]>', gave the following error.\r\n    Object literal may only specify known properties, and 'user' does not exist in type 'DeepPartial<TestAttempt>[]'.\r\n  Overload 2 of 4, '(entity: DeepPartial<TestAttempt>, options?: SaveOptions | undefined): Promise<DeepPartial<TestAttempt> & TestAttempt>', gave the following error.\r\n    Type 'ObjectLiteral | null' is not assignable to type 'DeepPartial<User> | undefined'.\r\n      Type 'null' is not assignable to type 'DeepPartial<User> | undefined'.\r\n\r\n\u001b[7m84\u001b[0m         user: await AppDataSource.getRepository(User).findOneBy({ id: userId }), // Получаем полный объект пользователя\r\n\u001b[7m  \u001b[0m \u001b[91m        ~~~~\u001b[0m\r\n\r\n  \u001b[96msrc/entities/TestAttempt.ts\u001b[0m:\u001b[93m14\u001b[0m:\u001b[93m3\u001b[0m\r\n    \u001b[7m14\u001b[0m   user!: User;\r\n    \u001b[7m  \u001b[0m \u001b[96m  ~~~~\u001b[0m\r\n    The expected type comes from property 'user' which is declared here on type 'DeepPartial<TestAttempt>'\r\n\u001b[96msrc/services/exam.service.ts\u001b[0m:\u001b[93m84\u001b[0m:\u001b[93m49\u001b[0m - \u001b[91merror\u001b[0m\u001b[90m TS2304: \u001b[0mCannot find name 'User'.\r\n\r\n\u001b[7m84\u001b[0m         user: await AppDataSource.getRepository(User).findOneBy({ id: userId }), // Получаем полный объект пользователя\r\n\u001b[7m  \u001b[0m \u001b[91m                                                ~~~~\u001b[0m\r\n\u001b[96msrc/services/exam.service.ts\u001b[0m:\u001b[93m97\u001b[0m:\u001b[93m28\u001b[0m - \u001b[91merror\u001b[0m\u001b[90m TS2339: \u001b[0mProperty 'id' does not exist on type 'DeepPartial<TestAttempt>[]'.\r\n\r\n\u001b[7m97\u001b[0m         attemptId: attempt.id,\r\n\u001b[7m  \u001b[0m \u001b[91m                           ~~\u001b[0m\r\n\u001b[96msrc/services/exam.service.ts\u001b[0m:\u001b[93m131\u001b[0m:\u001b[93m33\u001b[0m - \u001b[91merror\u001b[0m\u001b[90m TS2339: \u001b[0mProperty 'currentQuestionStartedAt' does not exist on type 'TestAttempt'.\r\n\r\n\u001b[7m131\u001b[0m       const timeSpent = attempt.currentQuestionStartedAt\r\n\u001b[7m   \u001b[0m \u001b[91m                                ~~~~~~~~~~~~~~~~~~~~~~~~\u001b[0m\r\n\u001b[96msrc/services/exam.service.ts\u001b[0m:\u001b[93m132\u001b[0m:\u001b[93m54\u001b[0m - \u001b[91merror\u001b[0m\u001b[90m TS2339: \u001b[0mProperty 'currentQuestionStartedAt' does not exist on type 'TestAttempt'.\r\n\r\n\u001b[7m132\u001b[0m         ? Math.floor((new Date().getTime() - attempt.currentQuestionStartedAt.getTime()) / 1000)\r\n\u001b[7m   \u001b[0m \u001b[91m                                                     ~~~~~~~~~~~~~~~~~~~~~~~~\u001b[0m\r\n\u001b[96msrc/services/exam.service.ts\u001b[0m:\u001b[93m153\u001b[0m:\u001b[93m9\u001b[0m - \u001b[91merror\u001b[0m\u001b[90m TS2353: \u001b[0mObject literal may only specify known properties, and 'currentQuestionStartedAt' does not exist in type 'Partial<TestAttempt>'.\r\n\r\n\u001b[7m153\u001b[0m         currentQuestionStartedAt: new Date(),\r\n\u001b[7m   \u001b[0m \u001b[91m        ~~~~~~~~~~~~~~~~~~~~~~~~\u001b[0m\r\n\u001b[96msrc/services/exam.service.ts\u001b[0m:\u001b[93m236\u001b[0m:\u001b[93m9\u001b[0m - \u001b[91merror\u001b[0m\u001b[90m TS2353: \u001b[0mObject literal may only specify known properties, and 'currentQuestionStartedAt' does not exist in type '_QueryDeepPartialEntity<TestAttempt>'.\r\n\r\n\u001b[7m236\u001b[0m         currentQuestionStartedAt: new Date(),\r\n\u001b[7m   \u001b[0m \u001b[91m        ~~~~~~~~~~~~~~~~~~~~~~~~\u001b[0m\r\n\n    at createTSError (C:\\Users\\shlim\\OneDrive\\Desktop\\kyrsach\\backend\\node_modules\\ts-node\\src\\index.ts:859:12)\n    at reportTSError (C:\\Users\\shlim\\OneDrive\\Desktop\\kyrsach\\backend\\node_modules\\ts-node\\src\\index.ts:863:19)\n    at getOutput (C:\\Users\\shlim\\OneDrive\\Desktop\\kyrsach\\backend\\node_modules\\ts-node\\src\\index.ts:1077:36)\n    at Object.compile (C:\\Users\\shlim\\OneDrive\\Desktop\\kyrsach\\backend\\node_modules\\ts-node\\src\\index.ts:1433:41)\n    at Module.m._compile (C:\\Users\\shlim\\OneDrive\\Desktop\\kyrsach\\backend\\node_modules\\ts-node\\src\\index.ts:1617:30)\n    at node:internal/modules/cjs/loader:1708:10\n    at Object.require.extensions.<computed> [as .ts] (C:\\Users\\shlim\\OneDrive\\Desktop\\kyrsach\\backend\\node_modules\\ts-node\\src\\index.ts:1621:12)\n    at Module.load (node:internal/modules/cjs/loader:1318:32)\n    at Function._load (node:internal/modules/cjs/loader:1128:12)\n    at TracingChannel.traceSync (node:diagnostics_channel:322:14)","timestamp":"2025-05-08 22:32:58","trace":[{"column":12,"file":"C:\\Users\\shlim\\OneDrive\\Desktop\\kyrsach\\backend\\node_modules\\ts-node\\src\\index.ts","function":"createTSError","line":859,"method":null,"native":false},{"column":19,"file":"C:\\Users\\shlim\\OneDrive\\Desktop\\kyrsach\\backend\\node_modules\\ts-node\\src\\index.ts","function":"reportTSError","line":863,"method":null,"native":false},{"column":36,"file":"C:\\Users\\shlim\\OneDrive\\Desktop\\kyrsach\\backend\\node_modules\\ts-node\\src\\index.ts","function":"getOutput","line":1077,"method":null,"native":false},{"column":41,"file":"C:\\Users\\shlim\\OneDrive\\Desktop\\kyrsach\\backend\\node_modules\\ts-node\\src\\index.ts","function":"Object.compile","line":1433,"method":"compile","native":false},{"column":30,"file":"C:\\Users\\shlim\\OneDrive\\Desktop\\kyrsach\\backend\\node_modules\\ts-node\\src\\index.ts","function":"Module.m._compile","line":1617,"method":"_compile","native":false},{"column":10,"file":"node:internal/modules/cjs/loader","function":null,"line":1708,"method":null,"native":false},{"column":12,"file":"C:\\Users\\shlim\\OneDrive\\Desktop\\kyrsach\\backend\\node_modules\\ts-node\\src\\index.ts","function":"Object.require.extensions.<computed> [as .ts]","line":1621,"method":"ts]","native":false},{"column":32,"file":"node:internal/modules/cjs/loader","function":"Module.load","line":1318,"method":"load","native":false},{"column":12,"file":"node:internal/modules/cjs/loader","function":"Function._load","line":1128,"method":"_load","native":false},{"column":14,"file":"node:diagnostics_channel","function":"TracingChannel.traceSync","line":322,"method":"traceSync","native":false}]}
{"date":"Thu May 08 2025 23:02:19 GMT+0300 (Москва, стандартное время)","error":{"diagnosticCodes":[2551]},"exception":true,"level":"error","message":"uncaughtException: ⨯ Unable to compile TypeScript:\n\u001b[96msrc/services/exam.service.ts\u001b[0m:\u001b[93m348\u001b[0m:\u001b[93m27\u001b[0m - \u001b[91merror\u001b[0m\u001b[90m TS2551: \u001b[0mProperty 'isCorrect' does not exist on type 'UserAnswer'. Did you mean 'is_correct'?\r\n\r\n\u001b[7m348\u001b[0m         isCorrect: answer.isCorrect,\r\n\u001b[7m   \u001b[0m \u001b[91m                          ~~~~~~~~~\u001b[0m\r\n\r\n  \u001b[96msrc/entities/UserAnswer.ts\u001b[0m:\u001b[93m21\u001b[0m:\u001b[93m3\u001b[0m\r\n    \u001b[7m21\u001b[0m   is_correct!: boolean;\r\n    \u001b[7m  \u001b[0m \u001b[96m  ~~~~~~~~~~\u001b[0m\r\n    'is_correct' is declared here.\r\n\nTSError: ⨯ Unable to compile TypeScript:\n\u001b[96msrc/services/exam.service.ts\u001b[0m:\u001b[93m348\u001b[0m:\u001b[93m27\u001b[0m - \u001b[91merror\u001b[0m\u001b[90m TS2551: \u001b[0mProperty 'isCorrect' does not exist on type 'UserAnswer'. Did you mean 'is_correct'?\r\n\r\n\u001b[7m348\u001b[0m         isCorrect: answer.isCorrect,\r\n\u001b[7m   \u001b[0m \u001b[91m                          ~~~~~~~~~\u001b[0m\r\n\r\n  \u001b[96msrc/entities/UserAnswer.ts\u001b[0m:\u001b[93m21\u001b[0m:\u001b[93m3\u001b[0m\r\n    \u001b[7m21\u001b[0m   is_correct!: boolean;\r\n    \u001b[7m  \u001b[0m \u001b[96m  ~~~~~~~~~~\u001b[0m\r\n    'is_correct' is declared here.\r\n\n    at createTSError (C:\\Users\\shlim\\OneDrive\\Desktop\\kyrsach\\backend\\node_modules\\ts-node\\src\\index.ts:859:12)\n    at reportTSError (C:\\Users\\shlim\\OneDrive\\Desktop\\kyrsach\\backend\\node_modules\\ts-node\\src\\index.ts:863:19)\n    at getOutput (C:\\Users\\shlim\\OneDrive\\Desktop\\kyrsach\\backend\\node_modules\\ts-node\\src\\index.ts:1077:36)\n    at Object.compile (C:\\Users\\shlim\\OneDrive\\Desktop\\kyrsach\\backend\\node_modules\\ts-node\\src\\index.ts:1433:41)\n    at Module.m._compile (C:\\Users\\shlim\\OneDrive\\Desktop\\kyrsach\\backend\\node_modules\\ts-node\\src\\index.ts:1617:30)\n    at node:internal/modules/cjs/loader:1708:10\n    at Object.require.extensions.<computed> [as .ts] (C:\\Users\\shlim\\OneDrive\\Desktop\\kyrsach\\backend\\node_modules\\ts-node\\src\\index.ts:1621:12)\n    at Module.load (node:internal/modules/cjs/loader:1318:32)\n    at Function._load (node:internal/modules/cjs/loader:1128:12)\n    at TracingChannel.traceSync (node:diagnostics_channel:322:14)","os":{"loadavg":[0,0,0],"uptime":27099.421},"process":{"argv":["C:\\Users\\shlim\\OneDrive\\Desktop\\kyrsach\\backend\\node_modules\\ts-node\\dist\\bin.js","C:\\Users\\shlim\\OneDrive\\Desktop\\kyrsach\\backend\\src\\app.ts"],"cwd":"C:\\Users\\shlim\\OneDrive\\Desktop\\kyrsach\\backend","execPath":"C:\\Program Files\\nodejs\\node.exe","gid":null,"memoryUsage":{"arrayBuffers":4875671,"external":7967035,"heapTotal":233754624,"heapUsed":198528424,"rss":281985024},"pid":1236,"uid":null,"version":"v22.12.0"},"stack":"TSError: ⨯ Unable to compile TypeScript:\n\u001b[96msrc/services/exam.service.ts\u001b[0m:\u001b[93m348\u001b[0m:\u001b[93m27\u001b[0m - \u001b[91merror\u001b[0m\u001b[90m TS2551: \u001b[0mProperty 'isCorrect' does not exist on type 'UserAnswer'. Did you mean 'is_correct'?\r\n\r\n\u001b[7m348\u001b[0m         isCorrect: answer.isCorrect,\r\n\u001b[7m   \u001b[0m \u001b[91m                          ~~~~~~~~~\u001b[0m\r\n\r\n  \u001b[96msrc/entities/UserAnswer.ts\u001b[0m:\u001b[93m21\u001b[0m:\u001b[93m3\u001b[0m\r\n    \u001b[7m21\u001b[0m   is_correct!: boolean;\r\n    \u001b[7m  \u001b[0m \u001b[96m  ~~~~~~~~~~\u001b[0m\r\n    'is_correct' is declared here.\r\n\n    at createTSError (C:\\Users\\shlim\\OneDrive\\Desktop\\kyrsach\\backend\\node_modules\\ts-node\\src\\index.ts:859:12)\n    at reportTSError (C:\\Users\\shlim\\OneDrive\\Desktop\\kyrsach\\backend\\node_modules\\ts-node\\src\\index.ts:863:19)\n    at getOutput (C:\\Users\\shlim\\OneDrive\\Desktop\\kyrsach\\backend\\node_modules\\ts-node\\src\\index.ts:1077:36)\n    at Object.compile (C:\\Users\\shlim\\OneDrive\\Desktop\\kyrsach\\backend\\node_modules\\ts-node\\src\\index.ts:1433:41)\n    at Module.m._compile (C:\\Users\\shlim\\OneDrive\\Desktop\\kyrsach\\backend\\node_modules\\ts-node\\src\\index.ts:1617:30)\n    at node:internal/modules/cjs/loader:1708:10\n    at Object.require.extensions.<computed> [as .ts] (C:\\Users\\shlim\\OneDrive\\Desktop\\kyrsach\\backend\\node_modules\\ts-node\\src\\index.ts:1621:12)\n    at Module.load (node:internal/modules/cjs/loader:1318:32)\n    at Function._load (node:internal/modules/cjs/loader:1128:12)\n    at TracingChannel.traceSync (node:diagnostics_channel:322:14)","timestamp":"2025-05-08 23:02:19","trace":[{"column":12,"file":"C:\\Users\\shlim\\OneDrive\\Desktop\\kyrsach\\backend\\node_modules\\ts-node\\src\\index.ts","function":"createTSError","line":859,"method":null,"native":false},{"column":19,"file":"C:\\Users\\shlim\\OneDrive\\Desktop\\kyrsach\\backend\\node_modules\\ts-node\\src\\index.ts","function":"reportTSError","line":863,"method":null,"native":false},{"column":36,"file":"C:\\Users\\shlim\\OneDrive\\Desktop\\kyrsach\\backend\\node_modules\\ts-node\\src\\index.ts","function":"getOutput","line":1077,"method":null,"native":false},{"column":41,"file":"C:\\Users\\shlim\\OneDrive\\Desktop\\kyrsach\\backend\\node_modules\\ts-node\\src\\index.ts","function":"Object.compile","line":1433,"method":"compile","native":false},{"column":30,"file":"C:\\Users\\shlim\\OneDrive\\Desktop\\kyrsach\\backend\\node_modules\\ts-node\\src\\index.ts","function":"Module.m._compile","line":1617,"method":"_compile","native":false},{"column":10,"file":"node:internal/modules/cjs/loader","function":null,"line":1708,"method":null,"native":false},{"column":12,"file":"C:\\Users\\shlim\\OneDrive\\Desktop\\kyrsach\\backend\\node_modules\\ts-node\\src\\index.ts","function":"Object.require.extensions.<computed> [as .ts]","line":1621,"method":"ts]","native":false},{"column":32,"file":"node:internal/modules/cjs/loader","function":"Module.load","line":1318,"method":"load","native":false},{"column":12,"file":"node:internal/modules/cjs/loader","function":"Function._load","line":1128,"method":"_load","native":false},{"column":14,"file":"node:diagnostics_channel","function":"TracingChannel.traceSync","line":322,"method":"traceSync","native":false}]}
{"date":"Thu May 08 2025 23:16:20 GMT+0300 (Москва, стандартное время)","error":{"diagnosticCodes":[2339,2339,2353]},"exception":true,"level":"error","message":"uncaughtException: ⨯ Unable to compile TypeScript:\n\u001b[96msrc/services/exam.service.ts\u001b[0m:\u001b[93m145\u001b[0m:\u001b[93m33\u001b[0m - \u001b[91merror\u001b[0m\u001b[90m TS2339: \u001b[0mProperty 'currentQuestionStartedAt' does not exist on type 'TestAttempt'.\r\n\r\n\u001b[7m145\u001b[0m       const timeSpent = attempt.currentQuestionStartedAt\r\n\u001b[7m   \u001b[0m \u001b[91m                                ~~~~~~~~~~~~~~~~~~~~~~~~\u001b[0m\r\n\u001b[96msrc/services/exam.service.ts\u001b[0m:\u001b[93m146\u001b[0m:\u001b[93m54\u001b[0m - \u001b[91merror\u001b[0m\u001b[90m TS2339: \u001b[0mProperty 'currentQuestionStartedAt' does not exist on type 'TestAttempt'.\r\n\r\n\u001b[7m146\u001b[0m         ? Math.floor((new Date().getTime() - attempt.currentQuestionStartedAt.getTime()) / 1000)\r\n\u001b[7m   \u001b[0m \u001b[91m                                                     ~~~~~~~~~~~~~~~~~~~~~~~~\u001b[0m\r\n\u001b[96msrc/services/exam.service.ts\u001b[0m:\u001b[93m170\u001b[0m:\u001b[93m9\u001b[0m - \u001b[91merror\u001b[0m\u001b[90m TS2353: \u001b[0mObject literal may only specify known properties, and 'currentQuestionStartedAt' does not exist in type 'Partial<TestAttempt>'.\r\n\r\n\u001b[7m170\u001b[0m         currentQuestionStartedAt: new Date(),\r\n\u001b[7m   \u001b[0m \u001b[91m        ~~~~~~~~~~~~~~~~~~~~~~~~\u001b[0m\r\n\nTSError: ⨯ Unable to compile TypeScript:\n\u001b[96msrc/services/exam.service.ts\u001b[0m:\u001b[93m145\u001b[0m:\u001b[93m33\u001b[0m - \u001b[91merror\u001b[0m\u001b[90m TS2339: \u001b[0mProperty 'currentQuestionStartedAt' does not exist on type 'TestAttempt'.\r\n\r\n\u001b[7m145\u001b[0m       const timeSpent = attempt.currentQuestionStartedAt\r\n\u001b[7m   \u001b[0m \u001b[91m                                ~~~~~~~~~~~~~~~~~~~~~~~~\u001b[0m\r\n\u001b[96msrc/services/exam.service.ts\u001b[0m:\u001b[93m146\u001b[0m:\u001b[93m54\u001b[0m - \u001b[91merror\u001b[0m\u001b[90m TS2339: \u001b[0mProperty 'currentQuestionStartedAt' does not exist on type 'TestAttempt'.\r\n\r\n\u001b[7m146\u001b[0m         ? Math.floor((new Date().getTime() - attempt.currentQuestionStartedAt.getTime()) / 1000)\r\n\u001b[7m   \u001b[0m \u001b[91m                                                     ~~~~~~~~~~~~~~~~~~~~~~~~\u001b[0m\r\n\u001b[96msrc/services/exam.service.ts\u001b[0m:\u001b[93m170\u001b[0m:\u001b[93m9\u001b[0m - \u001b[91merror\u001b[0m\u001b[90m TS2353: \u001b[0mObject literal may only specify known properties, and 'currentQuestionStartedAt' does not exist in type 'Partial<TestAttempt>'.\r\n\r\n\u001b[7m170\u001b[0m         currentQuestionStartedAt: new Date(),\r\n\u001b[7m   \u001b[0m \u001b[91m        ~~~~~~~~~~~~~~~~~~~~~~~~\u001b[0m\r\n\n    at createTSError (C:\\Users\\shlim\\OneDrive\\Desktop\\kyrsach\\backend\\node_modules\\ts-node\\src\\index.ts:859:12)\n    at reportTSError (C:\\Users\\shlim\\OneDrive\\Desktop\\kyrsach\\backend\\node_modules\\ts-node\\src\\index.ts:863:19)\n    at getOutput (C:\\Users\\shlim\\OneDrive\\Desktop\\kyrsach\\backend\\node_modules\\ts-node\\src\\index.ts:1077:36)\n    at Object.compile (C:\\Users\\shlim\\OneDrive\\Desktop\\kyrsach\\backend\\node_modules\\ts-node\\src\\index.ts:1433:41)\n    at Module.m._compile (C:\\Users\\shlim\\OneDrive\\Desktop\\kyrsach\\backend\\node_modules\\ts-node\\src\\index.ts:1617:30)\n    at node:internal/modules/cjs/loader:1708:10\n    at Object.require.extensions.<computed> [as .ts] (C:\\Users\\shlim\\OneDrive\\Desktop\\kyrsach\\backend\\node_modules\\ts-node\\src\\index.ts:1621:12)\n    at Module.load (node:internal/modules/cjs/loader:1318:32)\n    at Function._load (node:internal/modules/cjs/loader:1128:12)\n    at TracingChannel.traceSync (node:diagnostics_channel:322:14)","os":{"loadavg":[0,0,0],"uptime":27940.546},"process":{"argv":["C:\\Users\\shlim\\OneDrive\\Desktop\\kyrsach\\backend\\node_modules\\ts-node\\dist\\bin.js","C:\\Users\\shlim\\OneDrive\\Desktop\\kyrsach\\backend\\src\\app.ts"],"cwd":"C:\\Users\\shlim\\OneDrive\\Desktop\\kyrsach\\backend","execPath":"C:\\Program Files\\nodejs\\node.exe","gid":null,"memoryUsage":{"arrayBuffers":4883887,"external":8001086,"heapTotal":233492480,"heapUsed":206276680,"rss":285548544},"pid":15052,"uid":null,"version":"v22.12.0"},"stack":"TSError: ⨯ Unable to compile TypeScript:\n\u001b[96msrc/services/exam.service.ts\u001b[0m:\u001b[93m145\u001b[0m:\u001b[93m33\u001b[0m - \u001b[91merror\u001b[0m\u001b[90m TS2339: \u001b[0mProperty 'currentQuestionStartedAt' does not exist on type 'TestAttempt'.\r\n\r\n\u001b[7m145\u001b[0m       const timeSpent = attempt.currentQuestionStartedAt\r\n\u001b[7m   \u001b[0m \u001b[91m                                ~~~~~~~~~~~~~~~~~~~~~~~~\u001b[0m\r\n\u001b[96msrc/services/exam.service.ts\u001b[0m:\u001b[93m146\u001b[0m:\u001b[93m54\u001b[0m - \u001b[91merror\u001b[0m\u001b[90m TS2339: \u001b[0mProperty 'currentQuestionStartedAt' does not exist on type 'TestAttempt'.\r\n\r\n\u001b[7m146\u001b[0m         ? Math.floor((new Date().getTime() - attempt.currentQuestionStartedAt.getTime()) / 1000)\r\n\u001b[7m   \u001b[0m \u001b[91m                                                     ~~~~~~~~~~~~~~~~~~~~~~~~\u001b[0m\r\n\u001b[96msrc/services/exam.service.ts\u001b[0m:\u001b[93m170\u001b[0m:\u001b[93m9\u001b[0m - \u001b[91merror\u001b[0m\u001b[90m TS2353: \u001b[0mObject literal may only specify known properties, and 'currentQuestionStartedAt' does not exist in type 'Partial<TestAttempt>'.\r\n\r\n\u001b[7m170\u001b[0m         currentQuestionStartedAt: new Date(),\r\n\u001b[7m   \u001b[0m \u001b[91m        ~~~~~~~~~~~~~~~~~~~~~~~~\u001b[0m\r\n\n    at createTSError (C:\\Users\\shlim\\OneDrive\\Desktop\\kyrsach\\backend\\node_modules\\ts-node\\src\\index.ts:859:12)\n    at reportTSError (C:\\Users\\shlim\\OneDrive\\Desktop\\kyrsach\\backend\\node_modules\\ts-node\\src\\index.ts:863:19)\n    at getOutput (C:\\Users\\shlim\\OneDrive\\Desktop\\kyrsach\\backend\\node_modules\\ts-node\\src\\index.ts:1077:36)\n    at Object.compile (C:\\Users\\shlim\\OneDrive\\Desktop\\kyrsach\\backend\\node_modules\\ts-node\\src\\index.ts:1433:41)\n    at Module.m._compile (C:\\Users\\shlim\\OneDrive\\Desktop\\kyrsach\\backend\\node_modules\\ts-node\\src\\index.ts:1617:30)\n    at node:internal/modules/cjs/loader:1708:10\n    at Object.require.extensions.<computed> [as .ts] (C:\\Users\\shlim\\OneDrive\\Desktop\\kyrsach\\backend\\node_modules\\ts-node\\src\\index.ts:1621:12)\n    at Module.load (node:internal/modules/cjs/loader:1318:32)\n    at Function._load (node:internal/modules/cjs/loader:1128:12)\n    at TracingChannel.traceSync (node:diagnostics_channel:322:14)","timestamp":"2025-05-08 23:16:20","trace":[{"column":12,"file":"C:\\Users\\shlim\\OneDrive\\Desktop\\kyrsach\\backend\\node_modules\\ts-node\\src\\index.ts","function":"createTSError","line":859,"method":null,"native":false},{"column":19,"file":"C:\\Users\\shlim\\OneDrive\\Desktop\\kyrsach\\backend\\node_modules\\ts-node\\src\\index.ts","function":"reportTSError","line":863,"method":null,"native":false},{"column":36,"file":"C:\\Users\\shlim\\OneDrive\\Desktop\\kyrsach\\backend\\node_modules\\ts-node\\src\\index.ts","function":"getOutput","line":1077,"method":null,"native":false},{"column":41,"file":"C:\\Users\\shlim\\OneDrive\\Desktop\\kyrsach\\backend\\node_modules\\ts-node\\src\\index.ts","function":"Object.compile","line":1433,"method":"compile","native":false},{"column":30,"file":"C:\\Users\\shlim\\OneDrive\\Desktop\\kyrsach\\backend\\node_modules\\ts-node\\src\\index.ts","function":"Module.m._compile","line":1617,"method":"_compile","native":false},{"column":10,"file":"node:internal/modules/cjs/loader","function":null,"line":1708,"method":null,"native":false},{"column":12,"file":"C:\\Users\\shlim\\OneDrive\\Desktop\\kyrsach\\backend\\node_modules\\ts-node\\src\\index.ts","function":"Object.require.extensions.<computed> [as .ts]","line":1621,"method":"ts]","native":false},{"column":32,"file":"node:internal/modules/cjs/loader","function":"Module.load","line":1318,"method":"load","native":false},{"column":12,"file":"node:internal/modules/cjs/loader","function":"Function._load","line":1128,"method":"_load","native":false},{"column":14,"file":"node:diagnostics_channel","function":"TracingChannel.traceSync","line":322,"method":"traceSync","native":false}]}
